#
# There is insufficient memory for the Java Runtime Environment to continue.
# Native memory allocation (mmap) failed to map 73924608 bytes for committing reserved memory.
# Possible reasons:
#   The system is out of physical RAM or swap space
#   In 32 bit mode, the process size limit was hit
# Possible solutions:
#   Reduce memory load on the system
#   Increase physical memory or swap space
#   Check if swap backing store is full
#   Use 64 bit Java on a 64 bit OS
#   Decrease Java heap size (-Xmx/-Xms)
#   Decrease number of Java threads
#   Decrease Java thread stack sizes (-Xss)
#   Set larger code cache with -XX:ReservedCodeCacheSize=
# This output file may be truncated or incomplete.
#
#  Out of Memory Error (os_linux.cpp:2746), pid=5223, tid=0x00007f926c584700
#
# JRE version: OpenJDK Runtime Environment (8.0_191-b12) (build 1.8.0_191-8u191-b12-0ubuntu0.18.04.1-b12)
# Java VM: OpenJDK 64-Bit Server VM (25.191-b12 mixed mode linux-amd64 compressed oops)
# Failed to write core dump. Core dumps have been disabled. To enable core dumping, try "ulimit -c unlimited" before starting Java again
#

---------------  T H R E A D  ---------------

Current thread (0x00007f9280080000):  VMThread [stack: 0x00007f926c485000,0x00007f926c585000] [id=5235]

Stack: [0x00007f926c485000,0x00007f926c585000],  sp=0x00007f926c583480,  free space=1017k
Native frames: (J=compiled Java code, j=interpreted, Vv=VM code, C=native code)
V  [libjvm.so+0xab2512]
V  [libjvm.so+0x4d9e97]
V  [libjvm.so+0x8ed690]
V  [libjvm.so+0x8e47be]
V  [libjvm.so+0x968516]
V  [libjvm.so+0x969888]
V  [libjvm.so+0x965e86]
V  [libjvm.so+0x96621c]
V  [libjvm.so+0x914a58]
V  [libjvm.so+0xab41d2]
V  [libjvm.so+0xab8d96]
V  [libjvm.so+0xab7035]
V  [libjvm.so+0xab79ad]
V  [libjvm.so+0xab7d87]
V  [libjvm.so+0x8eaa42]

VM_Operation (0x00007f923772c5f0): ParallelGCFailedAllocation, mode: safepoint, requested by thread 0x00007f9224003000


---------------  P R O C E S S  ---------------

Java Threads: ( => current thread )
  0x00007f9224003000 JavaThread "restartedMain" [_thread_blocked, id=5249, stack(0x00007f9237630000,0x00007f9237731000)]
  0x00007f928084d000 JavaThread "Thread-1" [_thread_blocked, id=5248, stack(0x00007f9237731000,0x00007f9237832000)]
  0x00007f928063f800 JavaThread "RMI TCP Accept-0" daemon [_thread_in_native, id=5246, stack(0x00007f9237b5e000,0x00007f9237c5f000)]
  0x00007f9280609000 JavaThread "RMI TCP Accept-43877" daemon [_thread_in_native, id=5245, stack(0x00007f9237c5f000,0x00007f9237d60000)]
  0x00007f92805f4000 JavaThread "RMI TCP Accept-0" daemon [_thread_in_native, id=5244, stack(0x00007f9237d60000,0x00007f9237e61000)]
  0x00007f92800d0000 JavaThread "Service Thread" daemon [_thread_blocked, id=5242, stack(0x00007f92537a9000,0x00007f92538aa000)]
  0x00007f92800c4800 JavaThread "C1 CompilerThread2" daemon [_thread_blocked, id=5241, stack(0x00007f92538ab000,0x00007f92539ab000)]
  0x00007f92800c3000 JavaThread "C2 CompilerThread1" daemon [_thread_blocked, id=5240, stack(0x00007f92539ac000,0x00007f9253aac000)]
  0x00007f92800c0000 JavaThread "C2 CompilerThread0" daemon [_thread_blocked, id=5239, stack(0x00007f926c081000,0x00007f926c181000)]
  0x00007f92800be800 JavaThread "Signal Dispatcher" daemon [_thread_blocked, id=5238, stack(0x00007f926c181000,0x00007f926c282000)]
  0x00007f928008c800 JavaThread "Finalizer" daemon [_thread_blocked, id=5237, stack(0x00007f926c282000,0x00007f926c383000)]
  0x00007f928008a000 JavaThread "Reference Handler" daemon [_thread_blocked, id=5236, stack(0x00007f926c383000,0x00007f926c484000)]
  0x00007f9280012800 JavaThread "main" [_thread_blocked, id=5230, stack(0x00007f9287110000,0x00007f9287210000)]

Other Threads:
=>0x00007f9280080000 VMThread [stack: 0x00007f926c485000,0x00007f926c585000] [id=5235]
  0x00007f9280641800 WatcherThread [stack: 0x00007f9237a5e000,0x00007f9237b5e000] [id=5247]

VM state:at safepoint (normal execution)

VM Mutex/Monitor currently owned by a thread:  ([mutex/lock_event])
[0x00007f928000ee50] Threads_lock - owner thread: 0x00007f9280080000
[0x00007f928000f350] Heap_lock - owner thread: 0x00007f9224003000

Heap:
 PSYoungGen      total 130048K, used 8189K [0x00000000ebf80000, 0x00000000f4680000, 0x0000000100000000)
  eden space 121856K, 0% used [0x00000000ebf80000,0x00000000ebf80000,0x00000000f3680000)
  from space 8192K, 99% used [0x00000000f3680000,0x00000000f3e7f610,0x00000000f3e80000)
  to   space 5120K, 0% used [0x00000000f4180000,0x00000000f4180000,0x00000000f4680000)
 ParOldGen       total 29696K, used 11992K [0x00000000c3e00000, 0x00000000c5b00000, 0x00000000ebf80000)
  object space 29696K, 40% used [0x00000000c3e00000,0x00000000c49b6210,0x00000000c5b00000)
 Metaspace       used 26912K, capacity 28374K, committed 28592K, reserved 1073152K
  class space    used 3627K, capacity 3912K, committed 4016K, reserved 1048576K

Card table byte_map: [0x00007f9270429000,0x00007f927060b000] byte_map_base: 0x00007f926fe0a000

Marking Bits: (ParMarkBitMap*) 0x00007f92863aa340
 Begin Bits: [0x00007f926e0d4000, 0x00007f926efdc000)
 End Bits:   [0x00007f926efdc000, 0x00007f926fee4000)

Polling page: 0x00007f928722b000

CodeCache: size=245760Kb used=6079Kb max_used=6079Kb free=239680Kb
 bounds [0x00007f92709cb000, 0x00007f9270fcb000, 0x00007f927f9cb000]
 total_blobs=3248 nmethods=2845 adapters=317
 compilation: enabled

Compilation events (10 events):
Event: 13,473 Thread 0x00007f92800c4800 2875       1       org.springframework.core.annotation.AnnotationUtils::hasSearchableAnnotations (74 bytes)
Event: 13,473 Thread 0x00007f92800c4800 nmethod 2875 0x00007f9270fb8dd0 code [0x00007f9270fb8f80, 0x00007f9270fb9208]
Event: 13,473 Thread 0x00007f92800c4800 2876       1       org.springframework.transaction.interceptor.AbstractFallbackTransactionAttributeSource::computeTransactionAttribute (112 bytes)
Event: 13,474 Thread 0x00007f92800c4800 nmethod 2876 0x00007f9270fb9410 code [0x00007f9270fb9680, 0x00007f9270fb9eb8]
Event: 13,474 Thread 0x00007f92800c4800 2878       1       org.springframework.transaction.annotation.AnnotationTransactionAttributeSource::findTransactionAttribute (6 bytes)
Event: 13,474 Thread 0x00007f92800c4800 nmethod 2878 0x00007f9270fba650 code [0x00007f9270fba7c0, 0x00007f9270fba8e8]
Event: 13,474 Thread 0x00007f92800c4800 2879       1       org.springframework.transaction.annotation.AnnotationTransactionAttributeSource::findTransactionAttribute (6 bytes)
Event: 13,474 Thread 0x00007f92800c4800 nmethod 2879 0x00007f9270fba990 code [0x00007f9270fbab00, 0x00007f9270fbac28]
Event: 13,474 Thread 0x00007f92800c4800 2877       1       org.springframework.aop.support.AopUtils::getMostSpecificMethod (24 bytes)
Event: 13,475 Thread 0x00007f92800c4800 nmethod 2877 0x00007f9270fbacd0 code [0x00007f9270fbae60, 0x00007f9270fbb0a8]

GC Heap History (10 events):
Event: 6,433 GC heap after
Heap after GC invocations=5 (full 0):
 PSYoungGen      total 34304K, used 2541K [0x00000000ebf80000, 0x00000000f0780000, 0x0000000100000000)
  eden space 31744K, 0% used [0x00000000ebf80000,0x00000000ebf80000,0x00000000ede80000)
  from space 2560K, 99% used [0x00000000ede80000,0x00000000ee0fb7e0,0x00000000ee100000)
  to   space 5120K, 0% used [0x00000000f0280000,0x00000000f0280000,0x00000000f0780000)
 ParOldGen       total 42496K, used 4663K [0x00000000c3e00000, 0x00000000c6780000, 0x00000000ebf80000)
  object space 42496K, 10% used [0x00000000c3e00000,0x00000000c428dd08,0x00000000c6780000)
 Metaspace       used 13195K, capacity 13552K, committed 13824K, reserved 1060864K
  class space    used 1624K, capacity 1739K, committed 1792K, reserved 1048576K
}
Event: 6,659 GC heap before
{Heap before GC invocations=6 (full 0):
 PSYoungGen      total 34304K, used 34285K [0x00000000ebf80000, 0x00000000f0780000, 0x0000000100000000)
  eden space 31744K, 100% used [0x00000000ebf80000,0x00000000ede80000,0x00000000ede80000)
  from space 2560K, 99% used [0x00000000ede80000,0x00000000ee0fb7e0,0x00000000ee100000)
  to   space 5120K, 0% used [0x00000000f0280000,0x00000000f0280000,0x00000000f0780000)
 ParOldGen       total 42496K, used 4663K [0x00000000c3e00000, 0x00000000c6780000, 0x00000000ebf80000)
  object space 42496K, 10% used [0x00000000c3e00000,0x00000000c428dd08,0x00000000c6780000)
 Metaspace       used 15250K, capacity 15694K, committed 16000K, reserved 1062912K
  class space    used 1995K, capacity 2118K, committed 2176K, reserved 1048576K
Event: 6,665 GC heap after
Heap after GC invocations=6 (full 0):
 PSYoungGen      total 67584K, used 5090K [0x00000000ebf80000, 0x00000000f0980000, 0x0000000100000000)
  eden space 62464K, 0% used [0x00000000ebf80000,0x00000000ebf80000,0x00000000efc80000)
  from space 5120K, 99% used [0x00000000f0280000,0x00000000f0778bd8,0x00000000f0780000)
  to   space 6144K, 0% used [0x00000000efc80000,0x00000000efc80000,0x00000000f0280000)
 ParOldGen       total 42496K, used 4860K [0x00000000c3e00000, 0x00000000c6780000, 0x00000000ebf80000)
  object space 42496K, 11% used [0x00000000c3e00000,0x00000000c42bf218,0x00000000c6780000)
 Metaspace       used 15250K, capacity 15694K, committed 16000K, reserved 1062912K
  class space    used 1995K, capacity 2118K, committed 2176K, reserved 1048576K
}
Event: 8,226 GC heap before
{Heap before GC invocations=7 (full 0):
 PSYoungGen      total 67584K, used 54715K [0x00000000ebf80000, 0x00000000f0980000, 0x0000000100000000)
  eden space 62464K, 79% used [0x00000000ebf80000,0x00000000eeff60f0,0x00000000efc80000)
  from space 5120K, 99% used [0x00000000f0280000,0x00000000f0778bd8,0x00000000f0780000)
  to   space 6144K, 0% used [0x00000000efc80000,0x00000000efc80000,0x00000000f0280000)
 ParOldGen       total 42496K, used 4860K [0x00000000c3e00000, 0x00000000c6780000, 0x00000000ebf80000)
  object space 42496K, 11% used [0x00000000c3e00000,0x00000000c42bf218,0x00000000c6780000)
 Metaspace       used 20616K, capacity 21220K, committed 21296K, reserved 1067008K
  class space    used 2666K, capacity 2847K, committed 2864K, reserved 1048576K
Event: 8,234 GC heap after
Heap after GC invocations=7 (full 0):
 PSYoungGen      total 68608K, used 6121K [0x00000000ebf80000, 0x00000000f4980000, 0x0000000100000000)
  eden space 62464K, 0% used [0x00000000ebf80000,0x00000000ebf80000,0x00000000efc80000)
  from space 6144K, 99% used [0x00000000efc80000,0x00000000f027a4a8,0x00000000f0280000)
  to   space 8192K, 0% used [0x00000000f4180000,0x00000000f4180000,0x00000000f4980000)
 ParOldGen       total 42496K, used 7497K [0x00000000c3e00000, 0x00000000c6780000, 0x00000000ebf80000)
  object space 42496K, 17% used [0x00000000c3e00000,0x00000000c45527c0,0x00000000c6780000)
 Metaspace       used 20616K, capacity 21220K, committed 21296K, reserved 1067008K
  class space    used 2666K, capacity 2847K, committed 2864K, reserved 1048576K
}
Event: 8,234 GC heap before
{Heap before GC invocations=8 (full 1):
 PSYoungGen      total 68608K, used 6121K [0x00000000ebf80000, 0x00000000f4980000, 0x0000000100000000)
  eden space 62464K, 0% used [0x00000000ebf80000,0x00000000ebf80000,0x00000000efc80000)
  from space 6144K, 99% used [0x00000000efc80000,0x00000000f027a4a8,0x00000000f0280000)
  to   space 8192K, 0% used [0x00000000f4180000,0x00000000f4180000,0x00000000f4980000)
 ParOldGen       total 42496K, used 7497K [0x00000000c3e00000, 0x00000000c6780000, 0x00000000ebf80000)
  object space 42496K, 17% used [0x00000000c3e00000,0x00000000c45527c0,0x00000000c6780000)
 Metaspace       used 20616K, capacity 21220K, committed 21296K, reserved 1067008K
  class space    used 2666K, capacity 2847K, committed 2864K, reserved 1048576K
Event: 8,264 GC heap after
Heap after GC invocations=8 (full 1):
 PSYoungGen      total 68608K, used 0K [0x00000000ebf80000, 0x00000000f4980000, 0x0000000100000000)
  eden space 62464K, 0% used [0x00000000ebf80000,0x00000000ebf80000,0x00000000efc80000)
  from space 6144K, 0% used [0x00000000efc80000,0x00000000efc80000,0x00000000f0280000)
  to   space 8192K, 0% used [0x00000000f4180000,0x00000000f4180000,0x00000000f4980000)
 ParOldGen       total 29696K, used 9397K [0x00000000c3e00000, 0x00000000c5b00000, 0x00000000ebf80000)
  object space 29696K, 31% used [0x00000000c3e00000,0x00000000c472d5b0,0x00000000c5b00000)
 Metaspace       used 20615K, capacity 21214K, committed 21296K, reserved 1067008K
  class space    used 2665K, capacity 2846K, committed 2864K, reserved 1048576K
}
Event: 10,018 GC heap before
{Heap before GC invocations=9 (full 1):
 PSYoungGen      total 68608K, used 62451K [0x00000000ebf80000, 0x00000000f4980000, 0x0000000100000000)
  eden space 62464K, 99% used [0x00000000ebf80000,0x00000000efc7cd18,0x00000000efc80000)
  from space 6144K, 0% used [0x00000000efc80000,0x00000000efc80000,0x00000000f0280000)
  to   space 8192K, 0% used [0x00000000f4180000,0x00000000f4180000,0x00000000f4980000)
 ParOldGen       total 29696K, used 9397K [0x00000000c3e00000, 0x00000000c5b00000, 0x00000000ebf80000)
  object space 29696K, 31% used [0x00000000c3e00000,0x00000000c472d5b0,0x00000000c5b00000)
 Metaspace       used 21657K, capacity 22316K, committed 22448K, reserved 1069056K
  class space    used 2816K, capacity 2988K, committed 2992K, reserved 1048576K
Event: 10,025 GC heap after
Heap after GC invocations=9 (full 1):
 PSYoungGen      total 126976K, used 3171K [0x00000000ebf80000, 0x00000000f4680000, 0x0000000100000000)
  eden space 121856K, 0% used [0x00000000ebf80000,0x00000000ebf80000,0x00000000f3680000)
  from space 5120K, 61% used [0x00000000f4180000,0x00000000f4498dc0,0x00000000f4680000)
  to   space 8192K, 0% used [0x00000000f3680000,0x00000000f3680000,0x00000000f3e80000)
 ParOldGen       total 29696K, used 9405K [0x00000000c3e00000, 0x00000000c5b00000, 0x00000000ebf80000)
  object space 29696K, 31% used [0x00000000c3e00000,0x00000000c472f5b0,0x00000000c5b00000)
 Metaspace       used 21657K, capacity 22316K, committed 22448K, reserved 1069056K
  class space    used 2816K, capacity 2988K, committed 2992K, reserved 1048576K
}
Event: 13,477 GC heap before
{Heap before GC invocations=10 (full 1):
 PSYoungGen      total 126976K, used 125027K [0x00000000ebf80000, 0x00000000f4680000, 0x0000000100000000)
  eden space 121856K, 100% used [0x00000000ebf80000,0x00000000f3680000,0x00000000f3680000)
  from space 5120K, 61% used [0x00000000f4180000,0x00000000f4498dc0,0x00000000f4680000)
  to   space 8192K, 0% used [0x00000000f3680000,0x00000000f3680000,0x00000000f3e80000)
 ParOldGen       total 29696K, used 9405K [0x00000000c3e00000, 0x00000000c5b00000, 0x00000000ebf80000)
  object space 29696K, 31% used [0x00000000c3e00000,0x00000000c472f5b0,0x00000000c5b00000)
 Metaspace       used 26912K, capacity 28374K, committed 28592K, reserved 1073152K
  class space    used 3627K, capacity 3912K, committed 4016K, reserved 1048576K

Deoptimization events (0 events):
No events

Classes redefined (0 events):
No events

Internal exceptions (10 events):
Event: 13,329 Thread 0x00007f9224003000 Exception <a 'java/lang/ArrayIndexOutOfBoundsException'> (0x00000000f2e75de8) thrown at [/build/openjdk-8-rxFzfV/openjdk-8-8u191-b12/src/hotspot/src/share/vm/runtime/sharedRuntime.cpp, line 605]
Event: 13,329 Thread 0x00007f9224003000 Exception <a 'java/lang/ArrayIndexOutOfBoundsException'> (0x00000000f2e7ef90) thrown at [/build/openjdk-8-rxFzfV/openjdk-8-8u191-b12/src/hotspot/src/share/vm/runtime/sharedRuntime.cpp, line 605]
Event: 13,339 Thread 0x00007f9224003000 Exception <a 'java/lang/ArrayIndexOutOfBoundsException'> (0x00000000f2f33b08) thrown at [/build/openjdk-8-rxFzfV/openjdk-8-8u191-b12/src/hotspot/src/share/vm/runtime/sharedRuntime.cpp, line 605]
Event: 13,341 Thread 0x00007f9224003000 Exception <a 'java/lang/ArrayIndexOutOfBoundsException'> (0x00000000f2f5cd00) thrown at [/build/openjdk-8-rxFzfV/openjdk-8-8u191-b12/src/hotspot/src/share/vm/runtime/sharedRuntime.cpp, line 605]
Event: 13,341 Thread 0x00007f9224003000 Exception <a 'java/lang/ArrayIndexOutOfBoundsException'> (0x00000000f2f5ec98) thrown at [/build/openjdk-8-rxFzfV/openjdk-8-8u191-b12/src/hotspot/src/share/vm/runtime/sharedRuntime.cpp, line 605]
Event: 13,343 Thread 0x00007f9224003000 Exception <a 'java/lang/ArrayIndexOutOfBoundsException'> (0x00000000f2f8b600) thrown at [/build/openjdk-8-rxFzfV/openjdk-8-8u191-b12/src/hotspot/src/share/vm/runtime/sharedRuntime.cpp, line 605]
Event: 13,435 Thread 0x00007f9224003000 Exception <a 'java/lang/ArrayIndexOutOfBoundsException'> (0x00000000f33834d8) thrown at [/build/openjdk-8-rxFzfV/openjdk-8-8u191-b12/src/hotspot/src/share/vm/runtime/sharedRuntime.cpp, line 605]
Event: 13,435 Thread 0x00007f9224003000 Exception <a 'java/lang/ArrayIndexOutOfBoundsException'> (0x00000000f3384820) thrown at [/build/openjdk-8-rxFzfV/openjdk-8-8u191-b12/src/hotspot/src/share/vm/runtime/sharedRuntime.cpp, line 605]
Event: 13,436 Thread 0x00007f9224003000 Exception <a 'java/lang/ArrayIndexOutOfBoundsException'> (0x00000000f33a2f98) thrown at [/build/openjdk-8-rxFzfV/openjdk-8-8u191-b12/src/hotspot/src/share/vm/runtime/sharedRuntime.cpp, line 605]
Event: 13,436 Thread 0x00007f9224003000 Exception <a 'java/lang/ArrayIndexOutOfBoundsException'> (0x00000000f33a55f0) thrown at [/build/openjdk-8-rxFzfV/openjdk-8-8u191-b12/src/hotspot/src/share/vm/runtime/sharedRuntime.cpp, line 605]

Events (10 events):
Event: 13,475 loading class javax/servlet/ServletContext done
Event: 13,475 loading class javax/servlet/ServletContext
Event: 13,475 loading class javax/servlet/ServletContext done
Event: 13,475 loading class org/springframework/boot/web/servlet/context/ServletWebServerApplicationContext
Event: 13,475 loading class org/springframework/boot/web/servlet/context/ServletWebServerApplicationContext done
Event: 13,475 loading class org/apache/catalina/startup/LocalStrings
Event: 13,475 loading class org/apache/catalina/startup/LocalStrings done
Event: 13,476 loading class org/apache/catalina/startup/LocalStrings_es
Event: 13,476 loading class org/apache/catalina/startup/LocalStrings_es done
Event: 13,477 Executing VM operation: ParallelGCFailedAllocation


Dynamic libraries:
c3e00000-c5b00000 rw-p 00000000 00:00 0 
c5b00000-ebf80000 ---p 00000000 00:00 0 
ebf80000-f4680000 rw-p 00000000 00:00 0 
f8d00000-100000000 ---p 00000000 00:00 0 
100000000-1003ec000 rw-p 00000000 00:00 0 
1003ec000-140000000 ---p 00000000 00:00 0 
56417bd9f000-56417bda0000 r-xp 00000000 08:01 3148861                    /usr/lib/jvm/java-8-openjdk-amd64/jre/bin/java
56417bf9f000-56417bfa0000 r--p 00000000 08:01 3148861                    /usr/lib/jvm/java-8-openjdk-amd64/jre/bin/java
56417bfa0000-56417bfa1000 rw-p 00001000 08:01 3148861                    /usr/lib/jvm/java-8-openjdk-amd64/jre/bin/java
56417d879000-56417d89a000 rw-p 00000000 00:00 0                          [heap]
7f9210000000-7f9210058000 rw-p 00000000 00:00 0 
7f9210058000-7f9214000000 ---p 00000000 00:00 0 
7f9218000000-7f9218513000 rw-p 00000000 00:00 0 
7f9218513000-7f921c000000 ---p 00000000 00:00 0 
7f921c000000-7f921c2da000 rw-p 00000000 00:00 0 
7f921c2da000-7f9220000000 ---p 00000000 00:00 0 
7f9220000000-7f9220021000 rw-p 00000000 00:00 0 
7f9220021000-7f9224000000 ---p 00000000 00:00 0 
7f9224000000-7f9224021000 rw-p 00000000 00:00 0 
7f9224021000-7f9228000000 ---p 00000000 00:00 0 
7f9228000000-7f9228021000 rw-p 00000000 00:00 0 
7f9228021000-7f922c000000 ---p 00000000 00:00 0 
7f922c000000-7f922c021000 rw-p 00000000 00:00 0 
7f922c021000-7f9230000000 ---p 00000000 00:00 0 
7f9230000000-7f9230021000 rw-p 00000000 00:00 0 
7f9230021000-7f9234000000 ---p 00000000 00:00 0 
7f923661b000-7f923681b000 rw-p 00000000 00:00 0 
7f923681b000-7f9236a1b000 rw-p 00000000 00:00 0 
7f9236a1b000-7f9236a1e000 ---p 00000000 00:00 0 
7f9236a1e000-7f9236d1c000 rw-p 00000000 00:00 0 
7f9236d1c000-7f9236f1c000 rw-p 00000000 00:00 0 
7f9236f1c000-7f9236f2f000 r--s 00346000 08:01 3148882                    /usr/lib/jvm/java-8-openjdk-amd64/jre/lib/resources.jar
7f9236f2f000-7f923712f000 rw-p 00000000 00:00 0 
7f923712f000-7f923732f000 rw-p 00000000 00:00 0 
7f923732f000-7f923752f000 rw-p 00000000 00:00 0 
7f923752f000-7f9237532000 ---p 00000000 00:00 0 
7f9237532000-7f9237630000 rw-p 00000000 00:00 0 
7f9237630000-7f9237633000 ---p 00000000 00:00 0 
7f9237633000-7f9237731000 rw-p 00000000 00:00 0 
7f9237731000-7f9237734000 ---p 00000000 00:00 0 
7f9237734000-7f9237a32000 rw-p 00000000 00:00 0 
7f9237a32000-7f9237a39000 r--s 00000000 08:01 3412971                    /usr/lib/x86_64-linux-gnu/gconv/gconv-modules.cache
7f9237a39000-7f9237a5d000 r--p 00000000 08:01 5113123                    /usr/share/locale-langpack/es/LC_MESSAGES/libc.mo
7f9237a5d000-7f9237a5e000 ---p 00000000 00:00 0 
7f9237a5e000-7f9237b5e000 rw-p 00000000 00:00 0 
7f9237b5e000-7f9237b61000 ---p 00000000 00:00 0 
7f9237b61000-7f9237c5f000 rw-p 00000000 00:00 0 
7f9237c5f000-7f9237c62000 ---p 00000000 00:00 0 
7f9237c62000-7f9237d60000 rw-p 00000000 00:00 0 
7f9237d60000-7f9237d63000 ---p 00000000 00:00 0 
7f9237d63000-7f9237e61000 rw-p 00000000 00:00 0 
7f9237e61000-7f9237e66000 r--s 000a0000 08:01 3148878                    /usr/lib/jvm/java-8-openjdk-amd64/jre/lib/jsse.jar
7f9237e66000-7f9237e68000 r--s 0000c000 08:01 32243963                   /home/pipe/.gradle/caches/modules-2/files-2.1/org.ow2.asm/asm/5.0.4/da08b8cce7bbf903602a25a3a163ae252435795/asm-5.0.4.jar
7f9237e68000-7f9237e6a000 r--s 00006000 08:01 32243962                   /home/pipe/.gradle/caches/modules-2/files-2.1/net.minidev/accessors-smart/1.2/c592b500269bfde36096641b01238a8350f8aa31/accessors-smart-1.2.jar
7f9237e6a000-7f9237e6b000 r--s 00004000 08:01 32243961                   /home/pipe/.gradle/caches/modules-2/files-2.1/com.vaadin.external.google/android-json/0.0.20131108.vaadin1/fa26d351fe62a6a17f5cda1287c1c6110dec413f/android-json-0.0.20131108.vaadin1.jar
7f9237e6b000-7f9237e6d000 r--s 0000c000 08:01 32243960                   /home/pipe/.gradle/caches/modules-2/files-2.1/org.objenesis/objenesis/2.6/639033469776fd37c08358c6b92a4761feb2af4b/objenesis-2.6.jar
7f9237e6d000-7f9237e6f000 r--s 00009000 08:01 32243959                   /home/pipe/.gradle/caches/modules-2/files-2.1/net.bytebuddy/byte-buddy-agent/1.9.5/4fe3cb3ef2837bc6ac5c01ec65b210eb38b94909/byte-buddy-agent-1.9.5.jar
7f9237e6f000-7f9237e72000 r--s 0001b000 08:01 32243958                   /home/pipe/.gradle/caches/modules-2/files-2.1/net.minidev/json-smart/2.3/7396407491352ce4fa30de92efb158adb76b5b/json-smart-2.3.jar
7f9237e72000-7f9237e76000 r--s 00025000 08:01 32243957                   /home/pipe/.gradle/caches/modules-2/files-2.1/org.xmlunit/xmlunit-core/2.6.2/b0461888cdd8d3975ea8a57df96520409cadcb6c/xmlunit-core-2.6.2.jar
7f9237e76000-7f9237e84000 r--s 0008a000 08:01 32243956                   /home/pipe/.gradle/caches/modules-2/files-2.1/org.springframework/spring-test/5.1.3.RELEASE/87e9566e6d80e6b01ca3c84fb5b098e5d8149c6f/spring-test-5.1.3.RELEASE.jar
7f9237e84000-7f9237e86000 r--s 00006000 08:01 32243955                   /home/pipe/.gradle/caches/modules-2/files-2.1/org.skyscreamer/jsonassert/1.5.0/6c9d5fe2f59da598d9aefc1cfc6528ff3cf32df3/jsonassert-1.5.0.jar
7f9237e86000-7f9237e88000 r--s 00009000 08:01 32243954                   /home/pipe/.gradle/caches/modules-2/files-2.1/org.hamcrest/hamcrest-core/1.3/42a25dc3219429f0e5d060061f71acb49bf010a0/hamcrest-core-1.3.jar
7f9237e88000-7f9237e89000 r--s 0000c000 08:01 32243953                   /home/pipe/.gradle/caches/modules-2/files-2.1/org.hamcrest/hamcrest-library/1.3/4785a3c21320980282f9f33d0d1264a69040538f/hamcrest-library-1.3.jar
7f9237e89000-7f9237e99000 r--s 0007a000 08:01 32243952                   /home/pipe/.gradle/caches/modules-2/files-2.1/org.mockito/mockito-core/2.23.4/a35b6f8ffcfa786771eac7d7d903429e790fdf3f/mockito-core-2.23.4.jar
7f9237e99000-7f9237ef4000 r--s 0038b000 08:01 32243951                   /home/pipe/.gradle/caches/modules-2/files-2.1/org.assertj/assertj-core/3.11.1/fdac3217b804d6900fa3650f17b5cb48e620b140/assertj-core-3.11.1.jar
7f9237ef4000-7f9237efc000 r--s 00045000 08:01 32243964                   /home/pipe/.gradle/caches/modules-2/files-2.1/junit/junit/4.12/2973d150c0dc1fefe998f834810d68f278ea58ec/junit-4.12.jar
7f9237efc000-7f9237f02000 r--s 00031000 08:01 32243950                   /home/pipe/.gradle/caches/modules-2/files-2.1/com.jayway.jsonpath/json-path/2.4.0/765a4401ceb2dc8d40553c2075eb80a8fa35c2ae/json-path-2.4.0.jar
7f9237f02000-7f9237f07000 r--s 0002c000 08:01 32243948                   /home/pipe/.gradle/caches/modules-2/files-2.1/org.springframework.boot/spring-boot-test/2.1.1.RELEASE/df5328719c3eb7b3f305db1e147cc650b9a4829e/spring-boot-test-2.1.1.RELEASE.jar
7f9237f07000-7f9237f0e000 r--s 00024000 08:01 32243947                   /home/pipe/.gradle/caches/modules-2/files-2.1/org.springframework.boot/spring-boot-test-autoconfigure/2.1.1.RELEASE/2140feb53ecf35dd86f93749817cc064f1d6af74/spring-boot-test-autoconfigure-2.1.1.RELEASE.jar
7f9237f0e000-7f9237f0f000 r--s 00000000 08:01 32243949                   /home/pipe/.gradle/caches/modules-2/files-2.1/org.springframework.boot/spring-boot-starter-test/2.1.1.RELEASE/2f23b397e7a1d44879a2ee1bee64a40a32f96efa/spring-boot-starter-test-2.1.1.RELEASE.jar
7f9237f0f000-7f9237f1f000 r--s 001c7000 08:01 32243866                   /home/pipe/.gradle/caches/modules-2/files-2.1/com.h2database/h2/1.4.197/bb391050048ca8ae3e32451b5a3714ecd3596a46/h2-1.4.197.jar
7f9237f1f000-7f9237f25000 r--s 0002e000 08:01 32243864                   /home/pipe/.gradle/caches/modules-2/files-2.1/org.springframework.boot/spring-boot-devtools/2.1.1.RELEASE/feb0ca510d5398a3f8bfdeb35d9f9a267138b5e2/spring-boot-devtools-2.1.1.RELEASE.jar
7f9237f25000-7f9237f2b000 r--s 0003b000 08:01 32243919                   /home/pipe/.gradle/caches/modules-2/files-2.1/org.apache.logging.log4j/log4j-api/2.11.1/268f0fe4df3eefe052b57c87ec48517d64fb2a10/log4j-api-2.11.1.jar
7f9237f2b000-7f9237f36000 r--s 00069000 08:01 32243918                   /home/pipe/.gradle/caches/modules-2/files-2.1/ch.qos.logback/logback-core/1.2.3/864344400c3d4d92dfeb0a305dc87d953677c03c/logback-core-1.2.3.jar
7f9237f36000-7f9237f3a000 r--s 0004c000 08:01 32243917                   /home/pipe/.gradle/caches/modules-2/files-2.1/com.fasterxml.jackson.core/jackson-core/2.9.7/4b7f0e0dc527fab032e9800ed231080fdc3ac015/jackson-core-2.9.7.jar
7f9237f3a000-7f9237f3d000 r--s 0000e000 08:01 32243916                   /home/pipe/.gradle/caches/modules-2/files-2.1/com.fasterxml.jackson.core/jackson-annotations/2.9.0/7c10d545325e3a6e72e06381afe469fd40eb701/jackson-annotations-2.9.0.jar
7f9237f3d000-7f9237f3e000 r--s 00005000 08:01 32243777                   /home/pipe/.gradle/caches/modules-2/files-2.1/org.springframework/spring-jcl/5.1.3.RELEASE/d332735dbc9c3f48cac59fb832c5719eb62bbe4d/spring-jcl-5.1.3.RELEASE.jar
7f9237f3e000-7f9237f43000 r--s 00012000 08:01 32243915                   /home/pipe/.gradle/caches/modules-2/files-2.1/javax.validation/validation-api/2.0.1.Final/cb855558e6271b1b32e716d24cb85c7f583ce09e/validation-api-2.0.1.Final.jar
7f9237f43000-7f9237f48000 r--s 00039000 08:01 32243914                   /home/pipe/.gradle/caches/modules-2/files-2.1/org.apache.tomcat.embed/tomcat-embed-el/9.0.13/5d8b3277df6197cb03233fe407f54012f7166c65/tomcat-embed-el-9.0.13.jar
7f9237f48000-7f9237f71000 r--s 002ed000 08:01 32243913                   /home/pipe/.gradle/caches/modules-2/files-2.1/org.apache.tomcat.embed/tomcat-embed-core/9.0.13/20c90a060e1e497e0c1398f59c058279a8ae203d/tomcat-embed-core-9.0.13.jar
7f9237f71000-7f9237f77000 r--s 0003b000 08:01 32243912                   /home/pipe/.gradle/caches/modules-2/files-2.1/org.apache.tomcat.embed/tomcat-embed-websocket/9.0.13/91833d914b210ee93ad20b45e127e7d15268392d/tomcat-embed-websocket-9.0.13.jar
7f9237f77000-7f9237f8a000 r--s 00137000 08:01 32243911                   /home/pipe/.gradle/caches/modules-2/files-2.1/com.fasterxml.jackson.core/jackson-databind/2.9.7/e6faad47abd3179666e89068485a1b88a195ceb7/jackson-databind-2.9.7.jar
7f9237f8a000-7f9237f8c000 r--s 00001000 08:01 32243910                   /home/pipe/.gradle/caches/modules-2/files-2.1/com.fasterxml.jackson.module/jackson-module-parameter-names/2.9.7/f2bdd7696beffa2dbc5dc62cd24c3906a40ffcff/jackson-module-parameter-names-2.9.7.jar
7f9237f8c000-7f9237f8f000 r--s 00016000 08:01 32243909                   /home/pipe/.gradle/caches/modules-2/files-2.1/com.fasterxml.jackson.datatype/jackson-datatype-jsr310/2.9.7/cbd919f1ce67533e07b98dd493247e8dbabc26b2/jackson-datatype-jsr310-2.9.7.jar
7f9237f8f000-7f9237f91000 r--s 00007000 08:01 32243907                   /home/pipe/.gradle/caches/modules-2/files-2.1/com.fasterxml.jackson.datatype/jackson-datatype-jdk8/2.9.7/98d8f190db07f97c64c0ea3af5792f718a6c2cc1/jackson-datatype-jdk8-2.9.7.jar
7f9237f91000-7f9237f98000 r--s 00043000 08:01 32243908                   /home/pipe/.gradle/caches/modules-2/files-2.1/org.yaml/snakeyaml/1.23/ec62d74fe50689c28c0ff5b35d3aebcaa8b5be68/snakeyaml-1.23.jar
7f9237f98000-7f9237f9a000 r--s 00005000 08:01 32243906                   /home/pipe/.gradle/caches/modules-2/files-2.1/javax.annotation/javax.annotation-api/1.3.2/934c04d3cfef185a8008e7bf34331b79730a9d43/javax.annotation-api-1.3.2.jar
7f9237f9a000-7f9237f9c000 r--s 00009000 08:01 32243905                   /home/pipe/.gradle/caches/modules-2/files-2.1/org.slf4j/slf4j-api/1.7.25/da76ca59f6a57ee3102f8f9bd9cee742973efa8a/slf4j-api-1.7.25.jar
7f9237f9c000-7f9237fa2000 r--s 00041000 08:01 32243902                   /home/pipe/.gradle/caches/modules-2/files-2.1/ch.qos.logback/logback-classic/1.2.3/7c4f3c474fb2c041d8028740440937705ebb473a/logback-classic-1.2.3.jar
7f9237fa2000-7f9237fba000 r--s 00123000 08:01 32243779                   /home/pipe/.gradle/caches/modules-2/files-2.1/org.springframework/spring-core/5.1.3.RELEASE/b1e5325d35bfb27e42d57e9295510cad54ed8fdf/spring-core-5.1.3.RELEASE.jar
7f9237fba000-7f9238000000 r--s 002d2000 08:01 32243892                   /home/pipe/.gradle/caches/modules-2/files-2.1/net.bytebuddy/byte-buddy/1.9.5/38ceb06ae54ba0524d14a85fe84ed03aecef5078/byte-buddy-1.9.5.jar
7f9238000000-7f92386b6000 rw-p 00000000 00:00 0 
7f92386b6000-7f923c000000 ---p 00000000 00:00 0 
7f923c000000-7f923c021000 rw-p 00000000 00:00 0 
7f923c021000-7f9240000000 ---p 00000000 00:00 0 
7f9240000000-7f924003e000 rw-p 00000000 00:00 0 
7f924003e000-7f9244000000 ---p 00000000 00:00 0 
7f9244000000-7f9244021000 rw-p 00000000 00:00 0 
7f9244021000-7f9248000000 ---p 00000000 00:00 0 
7f9248000000-7f9248021000 rw-p 00000000 00:00 0 
7f9248021000-7f924c000000 ---p 00000000 00:00 0 
7f924c000000-7f924c021000 rw-p 00000000 00:00 0 
7f924c021000-7f9250000000 ---p 00000000 00:00 0 
7f9250000000-7f9250002000 r--s 00000000 08:01 32243904                   /home/pipe/.gradle/caches/modules-2/files-2.1/org.slf4j/jul-to-slf4j/1.7.25/af5364cd6679bfffb114f0dec8a157aaa283b76/jul-to-slf4j-1.7.25.jar
7f9250002000-7f9250004000 r--s 00003000 08:01 32243903                   /home/pipe/.gradle/caches/modules-2/files-2.1/org.apache.logging.log4j/log4j-to-slf4j/2.11.1/1097acadf76aa4dd721ec5807566003ae9d975de/log4j-to-slf4j-2.11.1.jar
7f9250004000-7f9250005000 r--s 00000000 08:01 32243901                   /home/pipe/.gradle/caches/modules-2/files-2.1/org.springframework.boot/spring-boot-starter-logging/2.1.1.RELEASE/f0cba1cfbc46eb02a3af3555e1136ef3890a1bbf/spring-boot-starter-logging-2.1.1.RELEASE.jar
7f9250005000-7f925000a000 r--s 00040000 08:01 32243900                   /home/pipe/.gradle/caches/modules-2/files-2.1/org.springframework/spring-expression/5.1.3.RELEASE/628a471a077ab80f7fd66a5f5e42e2d67e6a9607/spring-expression-5.1.3.RELEASE.jar
7f925000a000-7f9250016000 r--s 00098000 08:01 32243899                   /home/pipe/.gradle/caches/modules-2/files-2.1/org.springframework/spring-beans/5.1.3.RELEASE/9a15a7c84bd12516574bcaf87ffa38c1e65e8a2b/spring-beans-5.1.3.RELEASE.jar
7f9250016000-7f925001e000 r--s 00037000 08:01 32243898                   /home/pipe/.gradle/caches/modules-2/files-2.1/org.springframework/spring-tx/5.1.3.RELEASE/ddce255764fe4211c1b189a55384037132b5afd2/spring-tx-5.1.3.RELEASE.jar
7f925001e000-7f9250036000 r--s 00104000 08:01 32243897                   /home/pipe/.gradle/caches/modules-2/files-2.1/org.springframework.data/spring-data-commons/2.1.3.RELEASE/b95cf0c3dae022898b5f1c652e087c68e89dab6c/spring-data-commons-2.1.3.RELEASE.jar
7f9250036000-7f925003b000 r--s 0004b000 08:01 32243896                   /home/pipe/.gradle/caches/modules-2/files-2.1/org.dom4j/dom4j/2.1.1/3dce5dbb3571aa820c677fadd8349bfa8f00c199/dom4j-2.1.1.jar
7f925003b000-7f925003d000 r--s 0000f000 08:01 32243895                   /home/pipe/.gradle/caches/modules-2/files-2.1/com.fasterxml/classmate/1.4.0/291658ac2ce2476256c7115943652c0accb5c857/classmate-1.4.0.jar
7f925003d000-7f9250040000 r--s 0002b000 08:01 32243894                   /home/pipe/.gradle/caches/modules-2/files-2.1/org.jboss/jandex/2.0.5.Final/7060f67764565b9ee9d467e3ed0cb8a9c601b23a/jandex-2.0.5.Final.jar
7f9250040000-7f9250045000 r--s 00068000 08:01 32243893                   /home/pipe/.gradle/caches/modules-2/files-2.1/antlr/antlr/2.7.7/83cd2cd674a217ade95a4bb83a8a14f351f48bd0/antlr-2.7.7.jar
7f9250045000-7f9250050000 r--s 000b2000 08:01 32243891                   /home/pipe/.gradle/caches/modules-2/files-2.1/org.javassist/javassist/3.23.1-GA/c072c13dcb7f705471c40bafb1536171df850ab2/javassist-3.23.1-GA.jar
7f9250050000-7f9250056000 r--s 00023000 08:01 32243890                   /home/pipe/.gradle/caches/modules-2/files-2.1/javax.persistence/javax.persistence-api/2.2/25665ac8c0b62f50e6488173233239120fc52c96/javax.persistence-api-2.2.jar
7f9250056000-7f9250058000 r--s 0000f000 08:01 32243889                   /home/pipe/.gradle/caches/modules-2/files-2.1/org.jboss.logging/jboss-logging/3.3.2.Final/3789d00e859632e6c6206adc0c71625559e6e3b0/jboss-logging-3.3.2.Final.jar
7f9250058000-7f925005b000 r--s 00010000 08:01 32243888                   /home/pipe/.gradle/caches/modules-2/files-2.1/org.hibernate.common/hibernate-commons-annotations/5.0.4.Final/965a18fdf939ee75e41f7918532d37b3a8350535/hibernate-commons-annotations-5.0.4.Final.jar
7f925005b000-7f9250064000 r--s 0005a000 08:01 32243886                   /home/pipe/.gradle/caches/modules-2/files-2.1/org.springframework/spring-jdbc/5.1.3.RELEASE/4bab0879114befbe41000d2e35dc7b311659b86c/spring-jdbc-5.1.3.RELEASE.jar
7f9250064000-7f9250068000 r--s 0002d000 08:01 32243885                   /home/pipe/.gradle/caches/modules-2/files-2.1/org.springframework/spring-orm/5.1.3.RELEASE/b18a3b81dd2dc712cbb2aafaa7b581e9faf00506/spring-orm-5.1.3.RELEASE.jar
7f9250068000-7f9250081000 r--s 001de000 08:01 32243883                   /home/pipe/.gradle/caches/modules-2/files-2.1/org.aspectj/aspectjweaver/1.9.2/d2502817521477faf0712c49a6ee2a5388787fc7/aspectjweaver-1.9.2.jar
7f9250081000-7f925009b000 r--s 000f3000 08:01 32243881                   /home/pipe/.gradle/caches/modules-2/files-2.1/org.springframework/spring-context/5.1.3.RELEASE/158929623ee0166fa930e88c3e2ca86a887088c0/spring-context-5.1.3.RELEASE.jar
7f925009b000-7f92500b0000 r--s 000d5000 08:01 32243880                   /home/pipe/.gradle/caches/modules-2/files-2.1/org.springframework.boot/spring-boot/2.1.1.RELEASE/35a3dd576bc3ad5832d0a7d7242b3b140095727b/spring-boot-2.1.1.RELEASE.jar
7f92500b0000-7f92500d4000 r--s 00113000 08:01 32243879                   /home/pipe/.gradle/caches/modules-2/files-2.1/org.springframework.boot/spring-boot-autoconfigure/2.1.1.RELEASE/b8238b78cefe6d964f996599556af9ac8669a83d/spring-boot-autoconfigure-2.1.1.RELEASE.jar
7f92500d4000-7f92500f0000 r--s 00135000 08:01 32243878                   /home/pipe/.gradle/caches/modules-2/files-2.1/org.springframework/spring-web/5.1.3.RELEASE/c875df33e6c5ac0df53e727a08d42b316e69918b/spring-web-5.1.3.RELEASE.jar
7f92500f0000-7f9250173000 r--s 00624000 08:01 32243870                   /home/pipe/.gradle/caches/modules-2/files-2.1/org.hibernate/hibernate-core/5.3.7.Final/f87c5c1bbfc638309824140e68dfaaeb1bb479f3/hibernate-core-5.3.7.Final.jar
7f9250173000-7f9250185000 r-xp 00000000 08:01 4196522                    /usr/lib/jvm/java-8-openjdk-amd64/jre/lib/amd64/libnio.so
7f9250185000-7f9250384000 ---p 00012000 08:01 4196522                    /usr/lib/jvm/java-8-openjdk-amd64/jre/lib/amd64/libnio.so
7f9250384000-7f9250385000 r--p 00011000 08:01 4196522                    /usr/lib/jvm/java-8-openjdk-amd64/jre/lib/amd64/libnio.so
7f9250385000-7f9250386000 rw-p 00012000 08:01 4196522                    /usr/lib/jvm/java-8-openjdk-amd64/jre/lib/amd64/libnio.so
7f9250386000-7f9253387000 rw-p 00000000 00:00 0 
7f9253387000-7f925339e000 r-xp 00000000 08:01 4196521                    /usr/lib/jvm/java-8-openjdk-amd64/jre/lib/amd64/libnet.so
7f925339e000-7f925359d000 ---p 00017000 08:01 4196521                    /usr/lib/jvm/java-8-openjdk-amd64/jre/lib/amd64/libnet.so
7f925359d000-7f925359e000 r--p 00016000 08:01 4196521                    /usr/lib/jvm/java-8-openjdk-amd64/jre/lib/amd64/libnet.so
7f925359e000-7f925359f000 rw-p 00017000 08:01 4196521                    /usr/lib/jvm/java-8-openjdk-amd64/jre/lib/amd64/libnet.so
7f925359f000-7f92535a8000 r-xp 00000000 08:01 4196517                    /usr/lib/jvm/java-8-openjdk-amd64/jre/lib/amd64/libmanagement.so
7f92535a8000-7f92537a7000 ---p 00009000 08:01 4196517                    /usr/lib/jvm/java-8-openjdk-amd64/jre/lib/amd64/libmanagement.so
7f92537a7000-7f92537a8000 r--p 00008000 08:01 4196517                    /usr/lib/jvm/java-8-openjdk-amd64/jre/lib/amd64/libmanagement.so
7f92537a8000-7f92537a9000 rw-p 00009000 08:01 4196517                    /usr/lib/jvm/java-8-openjdk-amd64/jre/lib/amd64/libmanagement.so
7f92537a9000-7f92537ac000 ---p 00000000 00:00 0 
7f92537ac000-7f92538aa000 rw-p 00000000 00:00 0 
7f92538aa000-7f92538ab000 ---p 00000000 00:00 0 
7f92538ab000-7f92538ae000 ---p 00000000 00:00 0 
7f92538ae000-7f92539ab000 rw-p 00000000 00:00 0 
7f92539ab000-7f92539ac000 ---p 00000000 00:00 0 
7f92539ac000-7f92539af000 ---p 00000000 00:00 0 
7f92539af000-7f9253aac000 rw-p 00000000 00:00 0 
7f9253aac000-7f9254000000 r--p 00000000 08:01 3145866                    /usr/lib/locale/locale-archive
7f9254000000-7f9254021000 rw-p 00000000 00:00 0 
7f9254021000-7f9258000000 ---p 00000000 00:00 0 
7f9258000000-7f9258021000 rw-p 00000000 00:00 0 
7f9258021000-7f925c000000 ---p 00000000 00:00 0 
7f925c000000-7f925c021000 rw-p 00000000 00:00 0 
7f925c021000-7f9260000000 ---p 00000000 00:00 0 
7f9260000000-7f9260021000 rw-p 00000000 00:00 0 
7f9260021000-7f9264000000 ---p 00000000 00:00 0 
7f9264000000-7f9264021000 rw-p 00000000 00:00 0 
7f9264021000-7f9268000000 ---p 00000000 00:00 0 
7f9268000000-7f9268021000 rw-p 00000000 00:00 0 
7f9268021000-7f926c000000 ---p 00000000 00:00 0 
7f926c000000-7f926c002000 r--s 0000c000 08:01 32243887                   /home/pipe/.gradle/caches/modules-2/files-2.1/javax.activation/javax.activation-api/1.2.0/85262acf3ca9816f9537ca47d5adeabaead7cb16/javax.activation-api-1.2.0.jar
7f926c002000-7f926c006000 r--s 00020000 08:01 32243884                   /home/pipe/.gradle/caches/modules-2/files-2.1/com.zaxxer/HikariCP/3.2.0/6c66db1c636ee90beb4c65fe34abd8ba9396bca6/HikariCP-3.2.0.jar
7f926c006000-7f926c010000 r--s 00051000 08:01 32243882                   /home/pipe/.gradle/caches/modules-2/files-2.1/org.springframework/spring-aop/5.1.3.RELEASE/c6b69e5c73e17dd15b5a07d96ecfa2d2e7955705/spring-aop-5.1.3.RELEASE.jar
7f926c010000-7f926c01f000 r--s 000b5000 08:01 32243877                   /home/pipe/.gradle/caches/modules-2/files-2.1/org.springframework/spring-webmvc/5.1.3.RELEASE/2ff9c2ddccaafd5b55756ceb4a65f02acb3b847a/spring-webmvc-5.1.3.RELEASE.jar
7f926c01f000-7f926c03c000 r--s 000fe000 08:01 32243876                   /home/pipe/.gradle/caches/modules-2/files-2.1/org.hibernate.validator/hibernate-validator/6.0.13.Final/af4232bf90ecd33c71147d67185dbb1cfe8f33df/hibernate-validator-6.0.13.Final.jar
7f926c03c000-7f926c03d000 r--s 00000000 08:01 32243875                   /home/pipe/.gradle/caches/modules-2/files-2.1/org.springframework.boot/spring-boot-starter-tomcat/2.1.1.RELEASE/4cbaa992fa5509edc74d9543ab5f8f14e20fb197/spring-boot-starter-tomcat-2.1.1.RELEASE.jar
7f926c03d000-7f926c03e000 r--s 00000000 08:01 32243874                   /home/pipe/.gradle/caches/modules-2/files-2.1/org.springframework.boot/spring-boot-starter/2.1.1.RELEASE/71df6742de72887214813ff03ae0b6ec4bbcf899/spring-boot-starter-2.1.1.RELEASE.jar
7f926c03e000-7f926c046000 r--s 0004d000 08:01 32243871                   /home/pipe/.gradle/caches/modules-2/files-2.1/org.springframework.data/spring-data-jpa/2.1.3.RELEASE/3fc99dcc9289f2ff0667f71c8f224875e8e48544/spring-data-jpa-2.1.3.RELEASE.jar
7f926c046000-7f926c04a000 r--s 0001c000 08:01 32243869                   /home/pipe/.gradle/caches/modules-2/files-2.1/javax.xml.bind/jaxb-api/2.3.1/8531ad5ac454cc2deb9d4d32c40c4d7451939b5d/jaxb-api-2.3.1.jar
7f926c04a000-7f926c065000 r--s 001d6000 08:01 4065133                    /usr/lib/jvm/java-8-openjdk-amd64/jre/lib/ext/nashorn.jar
7f926c065000-7f926c080000 r--s 00394000 08:01 4065019                    /usr/lib/jvm/java-8-openjdk-amd64/jre/lib/ext/cldrdata.jar
7f926c080000-7f926c081000 ---p 00000000 00:00 0 
7f926c081000-7f926c084000 ---p 00000000 00:00 0 
7f926c084000-7f926c181000 rw-p 00000000 00:00 0 
7f926c181000-7f926c184000 ---p 00000000 00:00 0 
7f926c184000-7f926c282000 rw-p 00000000 00:00 0 
7f926c282000-7f926c285000 ---p 00000000 00:00 0 
7f926c285000-7f926c383000 rw-p 00000000 00:00 0 
7f926c383000-7f926c386000 ---p 00000000 00:00 0 
7f926c386000-7f926c484000 rw-p 00000000 00:00 0 
7f926c484000-7f926c485000 ---p 00000000 00:00 0 
7f926c485000-7f926d524000 rw-p 00000000 00:00 0 
7f926d524000-7f926d6f3000 r--s 03c33000 08:01 3148883                    /usr/lib/jvm/java-8-openjdk-amd64/jre/lib/rt.jar
7f926d6f3000-7f926fee4000 rw-p 00000000 00:00 0 
7f926fee4000-7f926fee5000 ---p 00000000 00:00 0 
7f926fee5000-7f926ffe5000 rw-p 00000000 00:00 0 
7f926ffe5000-7f926ffe6000 ---p 00000000 00:00 0 
7f926ffe6000-7f92700e6000 rw-p 00000000 00:00 0 
7f92700e6000-7f92700e7000 ---p 00000000 00:00 0 
7f92700e7000-7f92701e7000 rw-p 00000000 00:00 0 
7f92701e7000-7f92701e8000 ---p 00000000 00:00 0 
7f92701e8000-7f92702f7000 rw-p 00000000 00:00 0 
7f92702f7000-7f9270429000 ---p 00000000 00:00 0 
7f9270429000-7f9270438000 rw-p 00000000 00:00 0 
7f9270438000-7f9270569000 ---p 00000000 00:00 0 
7f9270569000-7f92705ae000 rw-p 00000000 00:00 0 
7f92705ae000-7f927060a000 ---p 00000000 00:00 0 
7f927060a000-7f9270623000 rw-p 00000000 00:00 0 
7f9270623000-7f92709cb000 ---p 00000000 00:00 0 
7f92709cb000-7f9270fcb000 rwxp 00000000 00:00 0 
7f9270fcb000-7f927f9cb000 ---p 00000000 00:00 0 
7f927f9cb000-7f927f9d3000 r-xp 00000000 08:01 4196530                    /usr/lib/jvm/java-8-openjdk-amd64/jre/lib/amd64/libzip.so
7f927f9d3000-7f927fbd2000 ---p 00008000 08:01 4196530                    /usr/lib/jvm/java-8-openjdk-amd64/jre/lib/amd64/libzip.so
7f927fbd2000-7f927fbd3000 r--p 00007000 08:01 4196530                    /usr/lib/jvm/java-8-openjdk-amd64/jre/lib/amd64/libzip.so
7f927fbd3000-7f927fbd4000 rw-p 00008000 08:01 4196530                    /usr/lib/jvm/java-8-openjdk-amd64/jre/lib/amd64/libzip.so
7f927fbd4000-7f927fbdf000 r-xp 00000000 08:01 22938201                   /lib/x86_64-linux-gnu/libnss_files-2.27.so
7f927fbdf000-7f927fdde000 ---p 0000b000 08:01 22938201                   /lib/x86_64-linux-gnu/libnss_files-2.27.so
7f927fdde000-7f927fddf000 r--p 0000a000 08:01 22938201                   /lib/x86_64-linux-gnu/libnss_files-2.27.so
7f927fddf000-7f927fde0000 rw-p 0000b000 08:01 22938201                   /lib/x86_64-linux-gnu/libnss_files-2.27.so
7f927fde0000-7f927fde6000 rw-p 00000000 00:00 0 
7f927fde6000-7f927fdfd000 r-xp 00000000 08:01 22938197                   /lib/x86_64-linux-gnu/libnsl-2.27.so
7f927fdfd000-7f927fffc000 ---p 00017000 08:01 22938197                   /lib/x86_64-linux-gnu/libnsl-2.27.so
7f927fffc000-7f927fffd000 r--p 00016000 08:01 22938197                   /lib/x86_64-linux-gnu/libnsl-2.27.so
7f927fffd000-7f927fffe000 rw-p 00017000 08:01 22938197                   /lib/x86_64-linux-gnu/libnsl-2.27.so
7f927fffe000-7f9280000000 rw-p 00000000 00:00 0 
7f9280000000-7f92809b6000 rw-p 00000000 00:00 0 
7f92809b6000-7f9284000000 ---p 00000000 00:00 0 
7f9284000000-7f9284001000 r--s 00000000 08:01 32243873                   /home/pipe/.gradle/caches/modules-2/files-2.1/org.springframework.boot/spring-boot-starter-json/2.1.1.RELEASE/5fc133c1c1858020dd8df5192eaeea747c8b6e60/spring-boot-starter-json-2.1.1.RELEASE.jar
7f9284001000-7f928400b000 r--s 00116000 08:01 4065132                    /usr/lib/jvm/java-8-openjdk-amd64/jre/lib/ext/localedata.jar
7f928400b000-7f92840a2000 rw-p 00000000 00:00 0 
7f92840a2000-7f92840ad000 r-xp 00000000 08:01 22938203                   /lib/x86_64-linux-gnu/libnss_nis-2.27.so
7f92840ad000-7f92842ac000 ---p 0000b000 08:01 22938203                   /lib/x86_64-linux-gnu/libnss_nis-2.27.so
7f92842ac000-7f92842ad000 r--p 0000a000 08:01 22938203                   /lib/x86_64-linux-gnu/libnss_nis-2.27.so
7f92842ad000-7f92842ae000 rw-p 0000b000 08:01 22938203                   /lib/x86_64-linux-gnu/libnss_nis-2.27.so
7f92842ae000-7f92842b6000 r-xp 00000000 08:01 22938198                   /lib/x86_64-linux-gnu/libnss_compat-2.27.so
7f92842b6000-7f92844b6000 ---p 00008000 08:01 22938198                   /lib/x86_64-linux-gnu/libnss_compat-2.27.so
7f92844b6000-7f92844b7000 r--p 00008000 08:01 22938198                   /lib/x86_64-linux-gnu/libnss_compat-2.27.so
7f92844b7000-7f92844b8000 rw-p 00009000 08:01 22938198                   /lib/x86_64-linux-gnu/libnss_compat-2.27.so
7f92844b8000-7f92844e6000 r-xp 00000000 08:01 4196493                    /usr/lib/jvm/java-8-openjdk-amd64/jre/lib/amd64/libjava.so
7f92844e6000-7f92846e5000 ---p 0002e000 08:01 4196493                    /usr/lib/jvm/java-8-openjdk-amd64/jre/lib/amd64/libjava.so
7f92846e5000-7f92846e6000 r--p 0002d000 08:01 4196493                    /usr/lib/jvm/java-8-openjdk-amd64/jre/lib/amd64/libjava.so
7f92846e6000-7f92846e8000 rw-p 0002e000 08:01 4196493                    /usr/lib/jvm/java-8-openjdk-amd64/jre/lib/amd64/libjava.so
7f92846e8000-7f92846f8000 r-xp 00000000 08:01 4196529                    /usr/lib/jvm/java-8-openjdk-amd64/jre/lib/amd64/libverify.so
7f92846f8000-7f92848f7000 ---p 00010000 08:01 4196529                    /usr/lib/jvm/java-8-openjdk-amd64/jre/lib/amd64/libverify.so
7f92848f7000-7f92848f9000 r--p 0000f000 08:01 4196529                    /usr/lib/jvm/java-8-openjdk-amd64/jre/lib/amd64/libverify.so
7f92848f9000-7f92848fa000 rw-p 00011000 08:01 4196529                    /usr/lib/jvm/java-8-openjdk-amd64/jre/lib/amd64/libverify.so
7f92848fa000-7f9284901000 r-xp 00000000 08:01 22938210                   /lib/x86_64-linux-gnu/librt-2.27.so
7f9284901000-7f9284b00000 ---p 00007000 08:01 22938210                   /lib/x86_64-linux-gnu/librt-2.27.so
7f9284b00000-7f9284b01000 r--p 00006000 08:01 22938210                   /lib/x86_64-linux-gnu/librt-2.27.so
7f9284b01000-7f9284b02000 rw-p 00007000 08:01 22938210                   /lib/x86_64-linux-gnu/librt-2.27.so
7f9284b02000-7f9284b19000 r-xp 00000000 08:01 22938260                   /lib/x86_64-linux-gnu/libgcc_s.so.1
7f9284b19000-7f9284d18000 ---p 00017000 08:01 22938260                   /lib/x86_64-linux-gnu/libgcc_s.so.1
7f9284d18000-7f9284d19000 r--p 00016000 08:01 22938260                   /lib/x86_64-linux-gnu/libgcc_s.so.1
7f9284d19000-7f9284d1a000 rw-p 00017000 08:01 22938260                   /lib/x86_64-linux-gnu/libgcc_s.so.1
7f9284d1a000-7f9284eb7000 r-xp 00000000 08:01 22938193                   /lib/x86_64-linux-gnu/libm-2.27.so
7f9284eb7000-7f92850b6000 ---p 0019d000 08:01 22938193                   /lib/x86_64-linux-gnu/libm-2.27.so
7f92850b6000-7f92850b7000 r--p 0019c000 08:01 22938193                   /lib/x86_64-linux-gnu/libm-2.27.so
7f92850b7000-7f92850b8000 rw-p 0019d000 08:01 22938193                   /lib/x86_64-linux-gnu/libm-2.27.so
7f92850b8000-7f9285231000 r-xp 00000000 08:01 3150151                    /usr/lib/x86_64-linux-gnu/libstdc++.so.6.0.25
7f9285231000-7f9285431000 ---p 00179000 08:01 3150151                    /usr/lib/x86_64-linux-gnu/libstdc++.so.6.0.25
7f9285431000-7f928543b000 r--p 00179000 08:01 3150151                    /usr/lib/x86_64-linux-gnu/libstdc++.so.6.0.25
7f928543b000-7f928543d000 rw-p 00183000 08:01 3150151                    /usr/lib/x86_64-linux-gnu/libstdc++.so.6.0.25
7f928543d000-7f9285441000 rw-p 00000000 00:00 0 
7f9285441000-7f92860db000 r-xp 00000000 08:01 4196532                    /usr/lib/jvm/java-8-openjdk-amd64/jre/lib/amd64/server/libjvm.so
7f92860db000-7f92862da000 ---p 00c9a000 08:01 4196532                    /usr/lib/jvm/java-8-openjdk-amd64/jre/lib/amd64/server/libjvm.so
7f92862da000-7f928636e000 r--p 00c99000 08:01 4196532                    /usr/lib/jvm/java-8-openjdk-amd64/jre/lib/amd64/server/libjvm.so
7f928636e000-7f9286397000 rw-p 00d2d000 08:01 4196532                    /usr/lib/jvm/java-8-openjdk-amd64/jre/lib/amd64/server/libjvm.so
7f9286397000-7f92863c7000 rw-p 00000000 00:00 0 
7f92863c7000-7f92863e1000 r-xp 00000000 08:01 22938207                   /lib/x86_64-linux-gnu/libpthread-2.27.so
7f92863e1000-7f92865e0000 ---p 0001a000 08:01 22938207                   /lib/x86_64-linux-gnu/libpthread-2.27.so
7f92865e0000-7f92865e1000 r--p 00019000 08:01 22938207                   /lib/x86_64-linux-gnu/libpthread-2.27.so
7f92865e1000-7f92865e2000 rw-p 0001a000 08:01 22938207                   /lib/x86_64-linux-gnu/libpthread-2.27.so
7f92865e2000-7f92865e6000 rw-p 00000000 00:00 0 
7f92865e6000-7f92865e9000 r-xp 00000000 08:01 22938192                   /lib/x86_64-linux-gnu/libdl-2.27.so
7f92865e9000-7f92867e8000 ---p 00003000 08:01 22938192                   /lib/x86_64-linux-gnu/libdl-2.27.so
7f92867e8000-7f92867e9000 r--p 00002000 08:01 22938192                   /lib/x86_64-linux-gnu/libdl-2.27.so
7f92867e9000-7f92867ea000 rw-p 00003000 08:01 22938192                   /lib/x86_64-linux-gnu/libdl-2.27.so
7f92867ea000-7f9286806000 r-xp 00000000 08:01 22938244                   /lib/x86_64-linux-gnu/libz.so.1.2.11
7f9286806000-7f9286a05000 ---p 0001c000 08:01 22938244                   /lib/x86_64-linux-gnu/libz.so.1.2.11
7f9286a05000-7f9286a06000 r--p 0001b000 08:01 22938244                   /lib/x86_64-linux-gnu/libz.so.1.2.11
7f9286a06000-7f9286a07000 rw-p 0001c000 08:01 22938244                   /lib/x86_64-linux-gnu/libz.so.1.2.11
7f9286a07000-7f9286bee000 r-xp 00000000 08:01 22937696                   /lib/x86_64-linux-gnu/libc-2.27.so
7f9286bee000-7f9286dee000 ---p 001e7000 08:01 22937696                   /lib/x86_64-linux-gnu/libc-2.27.so
7f9286dee000-7f9286df2000 r--p 001e7000 08:01 22937696                   /lib/x86_64-linux-gnu/libc-2.27.so
7f9286df2000-7f9286df4000 rw-p 001eb000 08:01 22937696                   /lib/x86_64-linux-gnu/libc-2.27.so
7f9286df4000-7f9286df8000 rw-p 00000000 00:00 0 
7f9286df8000-7f9286e06000 r-xp 00000000 08:01 4195792                    /usr/lib/jvm/java-8-openjdk-amd64/jre/lib/amd64/jli/libjli.so
7f9286e06000-7f9287005000 ---p 0000e000 08:01 4195792                    /usr/lib/jvm/java-8-openjdk-amd64/jre/lib/amd64/jli/libjli.so
7f9287005000-7f9287006000 r--p 0000d000 08:01 4195792                    /usr/lib/jvm/java-8-openjdk-amd64/jre/lib/amd64/jli/libjli.so
7f9287006000-7f9287007000 rw-p 0000e000 08:01 4195792                    /usr/lib/jvm/java-8-openjdk-amd64/jre/lib/amd64/jli/libjli.so
7f9287007000-7f928702e000 r-xp 00000000 08:01 22937691                   /lib/x86_64-linux-gnu/ld-2.27.so
7f928702e000-7f9287030000 r--s 0000a000 08:01 32243872                   /home/pipe/.gradle/caches/modules-2/files-2.1/org.springframework/spring-aspects/5.1.3.RELEASE/abee7b02e9c69f2339dd75409e6beb1bb0c7fe5e/spring-aspects-5.1.3.RELEASE.jar
7f9287030000-7f9287031000 r--s 00006000 08:01 32243868                   /home/pipe/.gradle/caches/modules-2/files-2.1/javax.transaction/javax.transaction-api/1.3/e006adf5cf3cca2181d16bd640ecb80148ec0fce/javax.transaction-api-1.3.jar
7f9287031000-7f9287032000 r--s 00000000 08:01 32243867                   /home/pipe/.gradle/caches/modules-2/files-2.1/org.springframework.boot/spring-boot-starter-jdbc/2.1.1.RELEASE/4574a8388a721ed62bb80cd791ef3abcba835fba/spring-boot-starter-jdbc-2.1.1.RELEASE.jar
7f9287032000-7f9287033000 r--s 00000000 08:01 32243920                   /home/pipe/.gradle/caches/modules-2/files-2.1/org.springframework.boot/spring-boot-starter-aop/2.1.1.RELEASE/2a21823a30c590f384041353b0dec09a824446c6/spring-boot-starter-aop-2.1.1.RELEASE.jar
7f9287033000-7f9287034000 r--s 00000000 08:01 32243863                   /home/pipe/.gradle/caches/modules-2/files-2.1/org.springframework.boot/spring-boot-starter-web/2.1.1.RELEASE/fccdac7bbd88561a33868101813d9210bd7a13b9/spring-boot-starter-web-2.1.1.RELEASE.jar
7f9287034000-7f9287037000 r--s 0000f000 08:01 4065077                    /usr/lib/jvm/java-8-openjdk-amd64/jre/lib/ext/icedtea-sound.jar
7f9287037000-7f928710f000 rw-p 00000000 00:00 0 
7f928710f000-7f9287110000 ---p 00000000 00:00 0 
7f9287110000-7f9287113000 ---p 00000000 00:00 0 
7f9287113000-7f9287212000 rw-p 00000000 00:00 0 
7f9287212000-7f9287213000 r--s 00000000 08:01 32243865                   /home/pipe/.gradle/caches/modules-2/files-2.1/org.springframework.boot/spring-boot-starter-data-jpa/2.1.1.RELEASE/4ebdf1cad10e8596f778850a0fc9e8c6b9fd6dc5/spring-boot-starter-data-jpa-2.1.1.RELEASE.jar
7f9287213000-7f9287214000 r--s 0000a000 08:01 4065088                    /usr/lib/jvm/java-8-openjdk-amd64/jre/lib/ext/jaccess.jar
7f9287214000-7f9287217000 r--s 00038000 08:01 4065181                    /usr/lib/jvm/java-8-openjdk-amd64/jre/lib/ext/sunpkcs11.jar
7f9287217000-7f928721d000 r--s 0003b000 08:01 4065180                    /usr/lib/jvm/java-8-openjdk-amd64/jre/lib/ext/sunjce_provider.jar
7f928721d000-7f928721e000 r--s 00010000 08:01 4065182                    /usr/lib/jvm/java-8-openjdk-amd64/jre/lib/ext/zipfs.jar
7f928721e000-7f9287220000 r--s 00001000 08:01 4065021                    /usr/lib/jvm/java-8-openjdk-amd64/jre/lib/ext/dnsns.jar
7f9287220000-7f9287222000 r--s 00008000 08:01 4065147                    /usr/lib/jvm/java-8-openjdk-amd64/jre/lib/ext/sunec.jar
7f9287222000-7f928722a000 rw-s 00000000 08:01 32244051                   /tmp/hsperfdata_pipe/5223
7f928722a000-7f928722b000 rw-p 00000000 00:00 0 
7f928722b000-7f928722c000 ---p 00000000 00:00 0 
7f928722c000-7f928722e000 rw-p 00000000 00:00 0 
7f928722e000-7f928722f000 r--p 00027000 08:01 22937691                   /lib/x86_64-linux-gnu/ld-2.27.so
7f928722f000-7f9287230000 rw-p 00028000 08:01 22937691                   /lib/x86_64-linux-gnu/ld-2.27.so
7f9287230000-7f9287231000 rw-p 00000000 00:00 0 
7ffe0d8af000-7ffe0d8d3000 rw-p 00000000 00:00 0                          [stack]
7ffe0d9c8000-7ffe0d9cb000 r--p 00000000 00:00 0                          [vvar]
7ffe0d9cb000-7ffe0d9cd000 r-xp 00000000 00:00 0                          [vdso]
ffffffffff600000-ffffffffff601000 r-xp 00000000 00:00 0                  [vsyscall]

VM Arguments:
jvm_args: -Dcom.sun.management.jmxremote -Dcom.sun.management.jmxremote.port=43877 -Dcom.sun.management.jmxremote.authenticate=false -Dcom.sun.management.jmxremote.ssl=false -Djava.rmi.server.hostname=localhost -Dspring.liveBeansView.mbeanDomain -Dspring.application.admin.enabled=true -Djava.security.egd=file:/dev/./urandom -Xverify:none -XX:TieredStopAtLevel=1 -Dfile.encoding=UTF-8 
java_command: co.com.rest.ejemplo.EjemploApplication
java_class_path (initial): /usr/lib/jvm/java-8-openjdk-amd64/jre/lib/resources.jar:/usr/lib/jvm/java-8-openjdk-amd64/jre/lib/rt.jar:/usr/lib/jvm/java-8-openjdk-amd64/jre/lib/jsse.jar:/usr/lib/jvm/java-8-openjdk-amd64/jre/lib/jce.jar:/usr/lib/jvm/java-8-openjdk-amd64/jre/lib/charsets.jar:/usr/lib/jvm/java-8-openjdk-amd64/jre/lib/ext/sunec.jar:/usr/lib/jvm/java-8-openjdk-amd64/jre/lib/ext/cldrdata.jar:/usr/lib/jvm/java-8-openjdk-amd64/jre/lib/ext/dnsns.jar:/usr/lib/jvm/java-8-openjdk-amd64/jre/lib/ext/zipfs.jar:/usr/lib/jvm/java-8-openjdk-amd64/jre/lib/ext/sunjce_provider.jar:/usr/lib/jvm/java-8-openjdk-amd64/jre/lib/ext/sunpkcs11.jar:/usr/lib/jvm/java-8-openjdk-amd64/jre/lib/ext/jaccess.jar:/usr/lib/jvm/java-8-openjdk-amd64/jre/lib/ext/localedata.jar:/usr/lib/jvm/java-8-openjdk-amd64/jre/lib/ext/icedtea-sound.jar:/usr/lib/jvm/java-8-openjdk-amd64/jre/lib/ext/nashorn.jar:/home/pipe/Documentos/PROYECTOS/RestEjemplo/ejemplo/bin/main:/home/pipe/Documentos/PROYECTOS/RestEjemplo/ejemplo/bin/test:/ejemplo/bin/default:/home/pipe/.gradle/caches/modules-2/files-2.1/org.springframework.boot/spring-boot-starter-data-jpa/2.1.1.RELEASE/4ebdf1cad10e8596f778850a0fc9e8c6b9fd6dc5/spring-boot-starter-data-jpa-2.1.1.RELEASE.jar:/home/pipe/.gradle/caches/modules-2/files-2.1/org.springframework.boot/spring-boot-starter-web/2.1.1.RELEASE/fccdac7bbd88561a33868101813d9210bd7a13b9/spring-boot-starter-web-2.1.1.RELEASE.jar:/home/pipe/.gradle/caches/modules-2/files-2.1/org.springframework.boot/spring-boot-starter-aop/2.1.1.RELEASE/2a21823a30c590f384041353b0dec09a824446c6/spring-boot-starter-aop-2.1.1.RELEASE.jar:/home/pipe/.gradle/caches/modules-2/files-2.1/org.springframework.boot/spring-boot-starter-jdbc/2.1.1.RELEASE/4574a8388a721ed62bb80cd791ef3abcba835fba/spring-boot-starter-jdbc-2.1.1.RELEASE.jar:/home/pipe/.gradle/caches/modules-2/files-2.1/javax.transaction/javax.transaction-api/1.3/e006adf5cf3cca2181d16bd640ecb80148ec0fce/javax.transaction-api-1.3.jar:/home/pipe/.gradle/caches/module
Launcher Type: SUN_STANDARD

Environment Variables:
PATH=/home/pipe/bin:/home/pipe/.local/bin:/usr/local/sbin:/usr/local/bin:/usr/sbin:/usr/bin:/sbin:/bin:/usr/games:/usr/local/games:/snap/bin
USERNAME=pipe
SHELL=/bin/bash
DISPLAY=:0

Signal Handlers:
SIGSEGV: [libjvm.so+0xab2e60], sa_mask[0]=11111111011111111101111111111110, sa_flags=SA_RESTART|SA_SIGINFO
SIGBUS: [libjvm.so+0xab2e60], sa_mask[0]=11111111011111111101111111111110, sa_flags=SA_RESTART|SA_SIGINFO
SIGFPE: [libjvm.so+0x8e8860], sa_mask[0]=11111111011111111101111111111110, sa_flags=SA_RESTART|SA_SIGINFO
SIGPIPE: [libjvm.so+0x8e8860], sa_mask[0]=11111111011111111101111111111110, sa_flags=SA_RESTART|SA_SIGINFO
SIGXFSZ: [libjvm.so+0x8e8860], sa_mask[0]=11111111011111111101111111111110, sa_flags=SA_RESTART|SA_SIGINFO
SIGILL: [libjvm.so+0x8e8860], sa_mask[0]=11111111011111111101111111111110, sa_flags=SA_RESTART|SA_SIGINFO
SIGUSR1: SIG_DFL, sa_mask[0]=00000000000000000000000000000000, sa_flags=none
SIGUSR2: [libjvm.so+0x8e8710], sa_mask[0]=00100000000000000000000000000000, sa_flags=SA_RESTART|SA_SIGINFO
SIGHUP: [libjvm.so+0x8e8d80], sa_mask[0]=11111111011111111101111111111110, sa_flags=SA_RESTART|SA_SIGINFO
SIGINT: [libjvm.so+0x8e8d80], sa_mask[0]=11111111011111111101111111111110, sa_flags=SA_RESTART|SA_SIGINFO
SIGTERM: [libjvm.so+0x8e8d80], sa_mask[0]=11111111011111111101111111111110, sa_flags=SA_RESTART|SA_SIGINFO
SIGQUIT: [libjvm.so+0x8e8d80], sa_mask[0]=11111111011111111101111111111110, sa_flags=SA_RESTART|SA_SIGINFO


---------------  S Y S T E M  ---------------

OS:DISTRIB_ID=Ubuntu
DISTRIB_RELEASE=18.04
DISTRIB_CODENAME=bionic
DISTRIB_DESCRIPTION="Ubuntu 18.04.1 LTS"

uname:Linux 4.15.0-43-generic #46-Ubuntu SMP Thu Dec 6 14:45:28 UTC 2018 x86_64
libc:glibc 2.27 NPTL 2.27 
rlimit: STACK 8192k, CORE 0k, NPROC 15123, NOFILE 1048576, AS infinity
load average:7,82 3,82 3,44

/proc/meminfo:
MemTotal:        3932260 kB
MemFree:          113852 kB
MemAvailable:      24160 kB
Buffers:            1412 kB
Cached:           364648 kB
SwapCached:            0 kB
Active:          3251432 kB
Inactive:         356936 kB
Active(anon):    3244292 kB
Inactive(anon):   337980 kB
Active(file):       7140 kB
Inactive(file):    18956 kB
Unevictable:          72 kB
Mlocked:              72 kB
SwapTotal:             0 kB
SwapFree:              0 kB
Dirty:               272 kB
Writeback:             0 kB
AnonPages:       3242684 kB
Mapped:           150672 kB
Shmem:            339660 kB
Slab:              89508 kB
SReclaimable:      36988 kB
SUnreclaim:        52520 kB
KernelStack:       15040 kB
PageTables:        59496 kB
NFS_Unstable:          0 kB
Bounce:                0 kB
WritebackTmp:          0 kB
CommitLimit:     1966128 kB
Committed_AS:    9293396 kB
VmallocTotal:   34359738367 kB
VmallocUsed:           0 kB
VmallocChunk:          0 kB
HardwareCorrupted:     0 kB
AnonHugePages:         0 kB
ShmemHugePages:        0 kB
ShmemPmdMapped:        0 kB
CmaTotal:              0 kB
CmaFree:               0 kB
HugePages_Total:       0
HugePages_Free:        0
HugePages_Rsvd:        0
HugePages_Surp:        0
Hugepagesize:       2048 kB
DirectMap4k:      186108 kB
DirectMap2M:     3901440 kB

container (cgroup) information:
container_type: cgroupv1
cpu_cpuset_cpus: 0-3
cpu_memory_nodes: 0
active_processor_count: 4
cpu_quota: -1
cpu_period: 100000
cpu_shares: -1
memory_limit_in_bytes: -1
memory_and_swap_limit_in_bytes: -2
memory_soft_limit_in_bytes: -1
memory_usage_in_bytes: 3697618944
memory_max_usage_in_bytes: 0


CPU:total 4 (initial active 4) (2 cores per cpu, 2 threads per core) family 6 model 58 stepping 9, cmov, cx8, fxsr, mmx, sse, sse2, sse3, ssse3, sse4.1, sse4.2, popcnt, avx, aes, clmul, erms, ht, tsc, tscinvbit, tscinv

/proc/cpuinfo:
processor	: 0
vendor_id	: GenuineIntel
cpu family	: 6
model		: 58
model name	: Intel(R) Core(TM) i5-3210M CPU @ 2.50GHz
stepping	: 9
microcode	: 0x20
cpu MHz		: 1549.360
cache size	: 3072 KB
physical id	: 0
siblings	: 4
core id		: 0
cpu cores	: 2
apicid		: 0
initial apicid	: 0
fpu		: yes
fpu_exception	: yes
cpuid level	: 13
wp		: yes
flags		: fpu vme de pse tsc msr pae mce cx8 apic sep mtrr pge mca cmov pat pse36 clflush dts acpi mmx fxsr sse sse2 ss ht tm pbe syscall nx rdtscp lm constant_tsc arch_perfmon pebs bts rep_good nopl xtopology nonstop_tsc cpuid aperfmperf pni pclmulqdq dtes64 monitor ds_cpl vmx est tm2 ssse3 cx16 xtpr pdcm pcid sse4_1 sse4_2 x2apic popcnt tsc_deadline_timer aes xsave avx f16c rdrand lahf_lm cpuid_fault epb pti ssbd ibrs ibpb stibp tpr_shadow vnmi flexpriority ept vpid fsgsbase smep erms xsaveopt dtherm ida arat pln pts flush_l1d
bugs		: cpu_meltdown spectre_v1 spectre_v2 spec_store_bypass l1tf
bogomips	: 4988.60
clflush size	: 64
cache_alignment	: 64
address sizes	: 36 bits physical, 48 bits virtual
power management:

processor	: 1
vendor_id	: GenuineIntel
cpu family	: 6
model		: 58
model name	: Intel(R) Core(TM) i5-3210M CPU @ 2.50GHz
stepping	: 9
microcode	: 0x20
cpu MHz		: 1444.559
cache size	: 3072 KB
physical id	: 0
siblings	: 4
core id		: 0
cpu cores	: 2
apicid		: 1
initial apicid	: 1
fpu		: yes
fpu_exception	: yes
cpuid level	: 13
wp		: yes
flags		: fpu vme de pse tsc msr pae mce cx8 apic sep mtrr pge mca cmov pat pse36 clflush dts acpi mmx fxsr sse sse2 ss ht tm pbe syscall nx rdtscp lm constant_tsc arch_perfmon pebs bts rep_good nopl xtopology nonstop_tsc cpuid aperfmperf pni pclmulqdq dtes64 monitor ds_cpl vmx est tm2 ssse3 cx16 xtpr pdcm pcid sse4_1 sse4_2 x2apic popcnt tsc_deadline_timer aes xsave avx f16c rdrand lahf_lm cpuid_fault epb pti ssbd ibrs ibpb stibp tpr_shadow vnmi flexpriority ept vpid fsgsbase smep erms xsaveopt dtherm ida arat pln pts flush_l1d
bugs		: cpu_meltdown spectre_v1 spectre_v2 spec_store_bypass l1tf
bogomips	: 4988.60
clflush size	: 64
cache_alignment	: 64
address sizes	: 36 bits physical, 48 bits virtual
power management:

processor	: 2
vendor_id	: GenuineIntel
cpu family	: 6
model		: 58
model name	: Intel(R) Core(TM) i5-3210M CPU @ 2.50GHz
stepping	: 9
microcode	: 0x20
cpu MHz		: 1479.891
cache size	: 3072 KB
physical id	: 0
siblings	: 4
core id		: 1
cpu cores	: 2
apicid		: 2
initial apicid	: 2
fpu		: yes
fpu_exception	: yes
cpuid level	: 13
wp		: yes
flags		: fpu vme de pse tsc msr pae mce cx8 apic sep mtrr pge mca cmov pat pse36 clflush dts acpi mmx fxsr sse sse2 ss ht tm pbe syscall nx rdtscp lm constant_tsc arch_perfmon pebs bts rep_good nopl xtopology nonstop_tsc cpuid aperfmperf pni pclmulqdq dtes64 monitor ds_cpl vmx est tm2 ssse3 cx16 xtpr pdcm pcid sse4_1 sse4_2 x2apic popcnt tsc_deadline_timer aes xsave avx f16c rdrand lahf_lm cpuid_fault epb pti ssbd ibrs ibpb stibp tpr_shadow vnmi flexpriority ept vpid fsgsbase smep erms xsaveopt dtherm ida arat pln pts flush_l1d
bugs		: cpu_meltdown spectre_v1 spectre_v2 spec_store_bypass l1tf
bogomips	: 4988.60
clflush size	: 64
cache_alignment	: 64
address sizes	: 36 bits physical, 48 bits virtual
power management:

processor	: 3
vendor_id	: GenuineIntel
cpu family	: 6
model		: 58
model name	: Intel(R) Core(TM) i5-3210M CPU @ 2.50GHz
stepping	: 9
microcode	: 0x20
cpu MHz		: 1814.635
cache size	: 3072 KB
physical id	: 0
siblings	: 4
core id		: 1
cpu cores	: 2
apicid		: 3
initial apicid	: 3
fpu		: yes
fpu_exception	: yes
cpuid level	: 13
wp		: yes
flags		: fpu vme de pse tsc msr pae mce cx8 apic sep mtrr pge mca cmov pat pse36 clflush dts acpi mmx fxsr sse sse2 ss ht tm pbe syscall nx rdtscp lm constant_tsc arch_perfmon pebs bts rep_good nopl xtopology nonstop_tsc cpuid aperfmperf pni pclmulqdq dtes64 monitor ds_cpl vmx est tm2 ssse3 cx16 xtpr pdcm pcid sse4_1 sse4_2 x2apic popcnt tsc_deadline_timer aes xsave avx f16c rdrand lahf_lm cpuid_fault epb pti ssbd ibrs ibpb stibp tpr_shadow vnmi flexpriority ept vpid fsgsbase smep erms xsaveopt dtherm ida arat pln pts flush_l1d
bugs		: cpu_meltdown spectre_v1 spectre_v2 spec_store_bypass l1tf
bogomips	: 4988.60
clflush size	: 64
cache_alignment	: 64
address sizes	: 36 bits physical, 48 bits virtual
power management:



Memory: 4k page, physical 3932260k(111528k free), swap 0k(0k free)

vm_info: OpenJDK 64-Bit Server VM (25.191-b12) for linux-amd64 JRE (1.8.0_191-8u191-b12-0ubuntu0.18.04.1-b12), built on Nov 20 2018 01:07:58 by "buildd" with gcc 7.3.0

time: Sat Jan 12 00:23:28 2019
elapsed time: 59 seconds (0d 0h 0m 59s)

